<?xml version="1.0" encoding="UTF-8"?>
<robot generator="Robot 7.4.2 (Python 3.13.14 on win32)" generated="2026-07-09T21:07:55.271774" rpa="false" schemaversion="5">
<suite id="s1" name="Suites">
<suite id="s1-s1" name="Screenshot" source="C:\Users\SagarKhobragade\PycharmProjects\AutomationTest\TestCases\Screenshot.robot">
<test id="s1-s1-t1" name="PageScreenshotTest" line="9">
<kw name="Open Browser" owner="SeleniumLibrary">
<msg time="2026-07-09T21:07:57.113227" level="INFO">Opening browser 'chrome' to base url 'https://shopmastercardmerchb2c.lapine.dev/QA/'.</msg>
<arg>${url}</arg>
<arg>${browser}</arg>
<doc>Opens a new browser instance to the optional ``url``.</doc>
<status status="PASS" start="2026-07-09T21:07:57.108375" elapsed="29.310128"/>
</kw>
<kw name="Maximize Browser Window" owner="SeleniumLibrary">
<doc>Maximizes current browser window.</doc>
<status status="PASS" start="2026-07-09T21:08:26.419134" elapsed="0.033711"/>
</kw>
<kw name="Capture Element Screenshot" owner="SeleniumLibrary">
<msg time="2026-07-09T21:08:26.603695" level="INFO" html="true">&lt;/td&gt;&lt;/tr&gt;&lt;tr&gt;&lt;td colspan="3"&gt;&lt;a href="../../../../Automation/logo.png"&gt;&lt;img src="../../../../Automation/logo.png" width="400px"&gt;&lt;/a&gt;</msg>
<arg>xpath://*[@id="logo"]/a/img</arg>
<arg>C:/Users/SagarKhobragade/PycharmProjects/Automation/logo.png</arg>
<doc>Captures a screenshot from the element identified by ``locator`` and embeds it into log file.</doc>
<status status="PASS" start="2026-07-09T21:08:26.453074" elapsed="0.150853"/>
</kw>
<kw name="Capture Page Screenshot" owner="SeleniumLibrary">
<msg time="2026-07-09T21:08:27.168676" level="INFO" html="true">&lt;/td&gt;&lt;/tr&gt;&lt;tr&gt;&lt;td colspan="3"&gt;&lt;a href="../../../../Automation/PageScreenshotTest.png"&gt;&lt;img src="../../../../Automation/PageScreenshotTest.png" width="800px"&gt;&lt;/a&gt;</msg>
<arg>C:/Users/SagarKhobragade/PycharmProjects/Automation/PageScreenshotTest.png</arg>
<doc>Takes a screenshot of the current page and embeds it into a log file.</doc>
<status status="PASS" start="2026-07-09T21:08:26.604316" elapsed="0.564513"/>
</kw>
<kw name="Close All Browsers" owner="SeleniumLibrary">
<doc>Closes all open browsers and resets the browser cache.</doc>
<status status="PASS" start="2026-07-09T21:08:27.169097" elapsed="2.193842"/>
</kw>
<status status="PASS" start="2026-07-09T21:07:57.095835" elapsed="32.267427"/>
</test>
<status status="PASS" start="2026-07-09T21:07:55.464274" elapsed="33.899599"/>
</suite>
<status status="PASS" start="2026-07-09T21:07:55.276562" elapsed="34.088396"/>
</suite>
<statistics>
<total>
<stat pass="1" fail="0" skip="0">All Tests</stat>
</total>
<tag>
</tag>
<suite>
<stat name="Suites" id="s1" pass="1" fail="0" skip="0">Suites</stat>
<stat name="Screenshot" id="s1-s1" pass="1" fail="0" skip="0">Suites.Screenshot</stat>
</suite>
</statistics>
<errors>
</errors>
</robot>
