<?xml version="1.0" encoding="UTF-8"?>
<robot generator="Robot 7.4.2 (Python 3.13.14 on win32)" generated="2026-07-09T21:07:29.987378" rpa="false" schemaversion="5">
<suite id="s1" name="Suites">
<suite id="s1-s1" name="MouseOperation" source="C:\Users\SagarKhobragade\PycharmProjects\AutomationTest\TestCases\MouseOperation.robot">
<test id="s1-s1-t1" name="MouseOperationTest" line="10">
<kw name="Open Browser" owner="SeleniumLibrary">
<msg time="2026-07-09T21:07:31.171760" level="INFO">Opening browser 'chrome' to base url 'https://swisnl.github.io/jQuery-contextMenu/demo.html'.</msg>
<arg>${url}</arg>
<arg>${browser}</arg>
<doc>Opens a new browser instance to the optional ``url``.</doc>
<status status="PASS" start="2026-07-09T21:07:31.170927" elapsed="2.620724"/>
</kw>
<kw name="Maximize Browser Window" owner="SeleniumLibrary">
<doc>Maximizes current browser window.</doc>
<status status="PASS" start="2026-07-09T21:07:33.792532" elapsed="1.350279"/>
</kw>
<kw name="Open Context Menu" owner="SeleniumLibrary">
<arg>xpath://span[@class='context-menu-one btn btn-neutral']</arg>
<doc>Opens the context menu on the element identified by ``locator``.</doc>
<status status="PASS" start="2026-07-09T21:07:35.143225" elapsed="0.611403"/>
</kw>
<kw name="Sleep" owner="BuiltIn">
<msg time="2026-07-09T21:07:37.803799" level="INFO">Slept 2 seconds.</msg>
<arg>2</arg>
<doc>Pauses the test executed for the given time.</doc>
<status status="PASS" start="2026-07-09T21:07:35.755025" elapsed="2.049200"/>
</kw>
<kw name="Go To" owner="SeleniumLibrary">
<msg time="2026-07-09T21:07:37.839053" level="INFO">Opening url 'https://testautomationpractice.blogspot.com/'</msg>
<arg>${url2}</arg>
<doc>Navigates the current browser window to the provided ``url``.</doc>
<status status="PASS" start="2026-07-09T21:07:37.835793" elapsed="2.002926"/>
</kw>
<kw name="Double Click Element" owner="SeleniumLibrary">
<msg time="2026-07-09T21:07:39.839926" level="INFO">Double clicking element 'xpath://button[normalize-space()='Copy Text']'.</msg>
<arg>xpath://button[normalize-space()='Copy Text']</arg>
<doc>Double clicks the element identified by ``locator``.</doc>
<status status="PASS" start="2026-07-09T21:07:39.839326" elapsed="5.573840"/>
</kw>
<kw name="Sleep" owner="BuiltIn">
<msg time="2026-07-09T21:07:47.415768" level="INFO">Slept 2 seconds.</msg>
<arg>2</arg>
<doc>Pauses the test executed for the given time.</doc>
<status status="PASS" start="2026-07-09T21:07:45.413695" elapsed="2.002329"/>
</kw>
<status status="PASS" start="2026-07-09T21:07:31.168288" elapsed="16.248279"/>
</test>
<status status="PASS" start="2026-07-09T21:07:30.185322" elapsed="17.233930"/>
</suite>
<status status="PASS" start="2026-07-09T21:07:29.992717" elapsed="17.437835"/>
</suite>
<statistics>
<total>
<stat pass="1" fail="0" skip="0">All Tests</stat>
</total>
<tag>
</tag>
<suite>
<stat name="Suites" id="s1" pass="1" fail="0" skip="0">Suites</stat>
<stat name="MouseOperation" id="s1-s1" pass="1" fail="0" skip="0">Suites.MouseOperation</stat>
</suite>
</statistics>
<errors>
</errors>
</robot>
