<?xml version="1.0" encoding="UTF-8"?>
<robot generator="Robot 7.4.2 (Python 3.13.14 on win32)" generated="2026-07-09T21:07:55.497972" rpa="false" schemaversion="5">
<suite id="s1" name="Suites">
<suite id="s1-s1" name="Scroll" source="C:\Users\SagarKhobragade\PycharmProjects\AutomationTest\TestCases\Scroll.robot">
<test id="s1-s1-t1" name="Scrolling Test" line="10">
<kw name="Open Browser" owner="SeleniumLibrary">
<msg time="2026-07-09T21:07:57.661182" level="INFO">Opening browser 'chrome' to base url 'https://shopmastercardmerchb2c.lapine.dev/QA/index.php?route=issue_tracker/issue_tracker&amp;page=common/home'.</msg>
<arg>${url}</arg>
<arg>${browser}</arg>
<doc>Opens a new browser instance to the optional ``url``.</doc>
<status status="PASS" start="2026-07-09T21:07:57.660260" elapsed="4.582645"/>
</kw>
<kw name="Maximize Browser Window" owner="SeleniumLibrary">
<doc>Maximizes current browser window.</doc>
<status status="PASS" start="2026-07-09T21:08:02.243571" elapsed="4.003633"/>
</kw>
<kw name="Execute Javascript" owner="SeleniumLibrary">
<msg time="2026-07-09T21:08:06.250229" level="INFO">Executing JavaScript:
window.scrollTo(0,889)
Without any arguments.</msg>
<arg>window.scrollTo(0,889)</arg>
<doc>Executes the given JavaScript code with possible arguments.</doc>
<status status="PASS" start="2026-07-09T21:08:06.248181" elapsed="0.022844"/>
</kw>
<kw name="Scroll Element Into View" owner="SeleniumLibrary">
<arg>xpath://div[@class='footerCopyArea']//div[@class='themeContainer']//li[4]</arg>
<doc>Scrolls the element identified by ``locator`` into view.</doc>
<status status="PASS" start="2026-07-09T21:08:06.271391" elapsed="0.440488"/>
</kw>
<kw name="Execute Javascript" owner="SeleniumLibrary">
<msg time="2026-07-09T21:08:06.713005" level="INFO">Executing JavaScript:
window.scrollTo(0,-document.body.scrollHeight)
Without any arguments.</msg>
<arg>window.scrollTo(0,-document.body.scrollHeight)</arg>
<doc>Executes the given JavaScript code with possible arguments.</doc>
<status status="PASS" start="2026-07-09T21:08:06.712435" elapsed="0.013984"/>
</kw>
<kw name="Scroll Element Into View" owner="SeleniumLibrary">
<arg>id:btnSubmit</arg>
<doc>Scrolls the element identified by ``locator`` into view.</doc>
<status status="PASS" start="2026-07-09T21:08:06.726624" elapsed="0.392187"/>
</kw>
<kw name="Execute Javascript" owner="SeleniumLibrary">
<msg time="2026-07-09T21:08:07.119717" level="INFO">Executing JavaScript:
window.scrollTo(0,document.body.scrollHeight)
Without any arguments.</msg>
<arg>window.scrollTo(0,document.body.scrollHeight)</arg>
<doc>Executes the given JavaScript code with possible arguments.</doc>
<status status="PASS" start="2026-07-09T21:08:07.119215" elapsed="0.016916"/>
</kw>
<kw name="Execute Javascript" owner="SeleniumLibrary">
<msg time="2026-07-09T21:08:07.138243" level="INFO">Executing JavaScript:
window.scrollTo(0,-document.body.scrollHeight)
Without any arguments.</msg>
<arg>window.scrollTo(0,-document.body.scrollHeight)</arg>
<doc>Executes the given JavaScript code with possible arguments.</doc>
<status status="PASS" start="2026-07-09T21:08:07.137042" elapsed="0.013960"/>
</kw>
<status status="PASS" start="2026-07-09T21:07:57.656975" elapsed="9.494420"/>
</test>
<status status="PASS" start="2026-07-09T21:07:55.763428" elapsed="11.390869"/>
</suite>
<status status="PASS" start="2026-07-09T21:07:55.502480" elapsed="11.654740"/>
</suite>
<statistics>
<total>
<stat pass="1" fail="0" skip="0">All Tests</stat>
</total>
<tag>
</tag>
<suite>
<stat name="Suites" id="s1" pass="1" fail="0" skip="0">Suites</stat>
<stat name="Scroll" id="s1-s1" pass="1" fail="0" skip="0">Suites.Scroll</stat>
</suite>
</statistics>
<errors>
</errors>
</robot>
