<?xml version="1.0" encoding="UTF-8"?>
<robot generator="Robot 7.4.2 (Python 3.13.14 on win32)" generated="2026-07-09T16:38:57.822432" rpa="false" schemaversion="5">
<suite id="s1" name="Suites">
<suite id="s1-s1" name="MultipleBrowser" source="C:\Users\SagarKhobragade\PycharmProjects\AutomationTest\TestCases\MultipleBrowser.robot">
<test id="s1-s1-t1" name="Alert Test" line="10">
<kw name="Open Browser" owner="SeleniumLibrary">
<msg time="2026-07-09T16:38:59.237807" level="INFO">Opening browser 'chrome' to base url 'https://shopmastercardmerchb2c.lapine.dev/QA/'.</msg>
<arg>${url}</arg>
<arg>${browser}</arg>
<doc>Opens a new browser instance to the optional ``url``.</doc>
<status status="PASS" start="2026-07-09T16:38:59.236667" elapsed="11.765268"/>
</kw>
<kw name="Maximize Browser Window" owner="SeleniumLibrary">
<doc>Maximizes current browser window.</doc>
<status status="PASS" start="2026-07-09T16:39:11.003539" elapsed="0.068777"/>
</kw>
<kw name="Open Browser" owner="SeleniumLibrary">
<msg time="2026-07-09T16:39:11.073573" level="INFO">Opening browser 'chrome' to base url 'https://shopmastercardmerchb2c.lapine.dev/QA/index.php?route=issue_tracker/issue_tracker&amp;page=common/home'.</msg>
<arg>${url2}</arg>
<arg>${browser}</arg>
<doc>Opens a new browser instance to the optional ``url``.</doc>
<status status="PASS" start="2026-07-09T16:39:11.072843" elapsed="10.814785"/>
</kw>
<kw name="Maximize Browser Window" owner="SeleniumLibrary">
<doc>Maximizes current browser window.</doc>
<status status="PASS" start="2026-07-09T16:39:21.888083" elapsed="0.180234"/>
</kw>
<kw name="Switch Browser" owner="SeleniumLibrary">
<arg>1</arg>
<doc>Switches between active browsers using ``index_or_alias``.</doc>
<status status="PASS" start="2026-07-09T16:39:22.068875" elapsed="0.001738"/>
</kw>
<kw name="Get Title" owner="SeleniumLibrary">
<msg time="2026-07-09T16:39:22.510431" level="INFO">${title} = Mastercard - MastercardB2C</msg>
<var>${title}</var>
<doc>Returns the title of the current page.</doc>
<status status="PASS" start="2026-07-09T16:39:22.072536" elapsed="0.438006"/>
</kw>
<kw name="Log To Console" owner="BuiltIn">
<arg>${title}</arg>
<doc>Logs the given message to the console.</doc>
<status status="PASS" start="2026-07-09T16:39:22.510891" elapsed="0.001242"/>
</kw>
<kw name="Switch Browser" owner="SeleniumLibrary">
<arg>2</arg>
<doc>Switches between active browsers using ``index_or_alias``.</doc>
<status status="PASS" start="2026-07-09T16:39:22.512676" elapsed="0.000469"/>
</kw>
<kw name="Get Title" owner="SeleniumLibrary">
<msg time="2026-07-09T16:39:22.654606" level="INFO">${title1} = UAT Issue Tracker - MastercardB2C</msg>
<var>${title1}</var>
<doc>Returns the title of the current page.</doc>
<status status="PASS" start="2026-07-09T16:39:22.513444" elapsed="0.141337"/>
</kw>
<kw name="Log To Console" owner="BuiltIn">
<arg>${title1}</arg>
<doc>Logs the given message to the console.</doc>
<status status="PASS" start="2026-07-09T16:39:22.655366" elapsed="0.001718"/>
</kw>
<kw name="Close All Browsers" owner="SeleniumLibrary">
<doc>Closes all open browsers and resets the browser cache.</doc>
<status status="PASS" start="2026-07-09T16:39:22.657913" elapsed="10.048344"/>
</kw>
<status status="PASS" start="2026-07-09T16:38:59.232968" elapsed="33.473984"/>
</test>
<test id="s1-s1-t2" name="Navigation Test" line="24">
<kw name="Open Browser" owner="SeleniumLibrary">
<msg time="2026-07-09T16:39:32.711500" level="INFO">Opening browser 'chrome' to base url 'https://shopmastercardmerchb2c.lapine.dev/QA/'.</msg>
<arg>${url}</arg>
<arg>${browser}</arg>
<doc>Opens a new browser instance to the optional ``url``.</doc>
<status status="PASS" start="2026-07-09T16:39:32.710152" elapsed="3.282755"/>
</kw>
<kw name="Get Location" owner="SeleniumLibrary">
<msg time="2026-07-09T16:39:40.473318" level="INFO">${Loc} = https://shopmastercardmerchb2c.lapine.dev/QA/</msg>
<var>${Loc}</var>
<doc>Returns the current browser window URL.</doc>
<status status="PASS" start="2026-07-09T16:39:35.993512" elapsed="4.479933"/>
</kw>
<kw name="Log To Console" owner="BuiltIn">
<arg>${Loc}</arg>
<doc>Logs the given message to the console.</doc>
<status status="PASS" start="2026-07-09T16:39:40.473799" elapsed="0.001319"/>
</kw>
<kw name="Go To" owner="SeleniumLibrary">
<msg time="2026-07-09T16:39:40.476085" level="INFO">Opening url 'https://shopmastercardmerchb2c.lapine.dev/QA/index.php?route=issue_tracker/issue_tracker&amp;page=common/home'</msg>
<arg>${url2}</arg>
<doc>Navigates the current browser window to the provided ``url``.</doc>
<status status="PASS" start="2026-07-09T16:39:40.475482" elapsed="4.298790"/>
</kw>
<kw name="Get Location" owner="SeleniumLibrary">
<msg time="2026-07-09T16:39:44.793377" level="INFO">${Loc} = https://shopmastercardmerchb2c.lapine.dev/QA/index.php?route=issue_tracker/issue_tracker&amp;page=common/home</msg>
<var>${Loc}</var>
<doc>Returns the current browser window URL.</doc>
<status status="PASS" start="2026-07-09T16:39:44.774761" elapsed="0.018695"/>
</kw>
<kw name="Log To Console" owner="BuiltIn">
<arg>${Loc}</arg>
<doc>Logs the given message to the console.</doc>
<status status="PASS" start="2026-07-09T16:39:44.793724" elapsed="0.000700"/>
</kw>
<kw name="Go Back" owner="SeleniumLibrary">
<doc>Simulates the user clicking the back button on their browser.</doc>
<status status="PASS" start="2026-07-09T16:39:44.794678" elapsed="3.748546"/>
</kw>
<kw name="Get Location" owner="SeleniumLibrary">
<msg time="2026-07-09T16:39:48.559097" level="INFO">${Loc} = https://shopmastercardmerchb2c.lapine.dev/QA/</msg>
<var>${Loc}</var>
<doc>Returns the current browser window URL.</doc>
<status status="PASS" start="2026-07-09T16:39:48.543540" elapsed="0.015629"/>
</kw>
<kw name="Log To Console" owner="BuiltIn">
<arg>${Loc}</arg>
<doc>Logs the given message to the console.</doc>
<status status="PASS" start="2026-07-09T16:39:48.559408" elapsed="0.000419"/>
</kw>
<status status="PASS" start="2026-07-09T16:39:32.708162" elapsed="15.851847"/>
</test>
<status status="PASS" start="2026-07-09T16:38:57.973178" elapsed="50.587523"/>
</suite>
<status status="PASS" start="2026-07-09T16:38:57.835145" elapsed="50.727062"/>
</suite>
<statistics>
<total>
<stat pass="2" fail="0" skip="0">All Tests</stat>
</total>
<tag>
</tag>
<suite>
<stat name="Suites" id="s1" pass="2" fail="0" skip="0">Suites</stat>
<stat name="MultipleBrowser" id="s1-s1" pass="2" fail="0" skip="0">Suites.MultipleBrowser</stat>
</suite>
</statistics>
<errors>
</errors>
</robot>
