<?xml version="1.0" encoding="UTF-8"?>
<robot generator="Robot 7.4.2 (Python 3.13.14 on win32)" generated="2026-07-09T16:38:38.210280" rpa="false" schemaversion="5">
<suite id="s1" name="Suites">
<suite id="s1-s1" name="Alert" source="C:\Users\SagarKhobragade\PycharmProjects\AutomationTest\TestCases\Alert.robot">
<test id="s1-s1-t1" name="Alert Test" line="9">
<kw name="Open Browser" owner="SeleniumLibrary">
<msg time="2026-07-09T16:38:38.680737" level="INFO">Opening browser 'chrome' to base url 'https://testautomationpractice.blogspot.com/'.</msg>
<arg>${url}</arg>
<arg>${browser}</arg>
<doc>Opens a new browser instance to the optional ``url``.</doc>
<status status="PASS" start="2026-07-09T16:38:38.680270" elapsed="3.863386"/>
</kw>
<kw name="Maximize Browser Window" owner="SeleniumLibrary">
<doc>Maximizes current browser window.</doc>
<status status="PASS" start="2026-07-09T16:38:42.544357" elapsed="4.018178"/>
</kw>
<kw name="Sleep" owner="BuiltIn">
<msg time="2026-07-09T16:38:48.564408" level="INFO">Slept 2 seconds.</msg>
<arg>2</arg>
<doc>Pauses the test executed for the given time.</doc>
<status status="PASS" start="2026-07-09T16:38:46.563098" elapsed="2.001710"/>
</kw>
<kw name="Click Element" owner="SeleniumLibrary">
<msg time="2026-07-09T16:38:48.566307" level="INFO">Clicking element 'id:confirmBtn'.</msg>
<arg>id:confirmBtn</arg>
<doc>Click the element identified by ``locator``.</doc>
<status status="PASS" start="2026-07-09T16:38:48.565234" elapsed="0.196915"/>
</kw>
<kw name="Sleep" owner="BuiltIn">
<msg time="2026-07-09T16:38:50.763489" level="INFO">Slept 2 seconds.</msg>
<arg>2</arg>
<doc>Pauses the test executed for the given time.</doc>
<status status="PASS" start="2026-07-09T16:38:48.762599" elapsed="2.001261"/>
</kw>
<kw name="Alert Should Not Be Present" owner="SeleniumLibrary">
<msg time="2026-07-09T16:38:50.776007" level="WARN">Keyword 'Capture Page Screenshot' could not be run on failure: Alert Text: Press a button!
Message: unexpected alert open: {Alert text : Press a button!}
  (Session info: chrome=150.0.7871.47)
Stacktrace:
	chromedriver!GetHandleVerifier [0x7ff7aff2a865+152a5]
	chromedriver!GetHandleVerifier [0x7ff7aff2a8c0+15300]
	chromedriver!(No symbol) [0x7ff7afa8596d]
	chromedriver!(No symbol) [0x7ff7afb2e84f]
	chromedriver!(No symbol) [0x7ff7afad2b3c]
	chromedriver!(No symbol) [0x7ff7afad3a53]
	chromedriver!GetHandleVerifier [0x7ff7b050d3a1+5f7de1]
	chromedriver!GetHandleVerifier [0x7ff7b0507a3b+5f247b]
	chromedriver!GetHandleVerifier [0x7ff7b052bca5+6166e5]
	chromedriver!GetHandleVerifier [0x7ff7aff472ae+31cee]
	chromedriver!GetHandleVerifier [0x7ff7aff4fe3c+3a87c]
	chromedriver!GetHandleVerifier [0x7ff7aff34404+1ee44]
	chromedriver!GetHandleVerifier [0x7ff7aff34594+1efd4]
	chromedriver!GetHandleVerifier [0x7ff7aff175c7+2007]
	KERNEL32!BaseThreadInitThunk [0x7ff8eadfe957+17]
	ntdll!RtlUserThreadStart [0x7ff8ec967c1c+2c]
</msg>
<msg time="2026-07-09T16:38:50.776881" level="FAIL">ValueError: Invalid alert action 'PRESS A BUTTON!'.</msg>
<arg>Press a button!</arg>
<doc>Verifies that no alert is present.</doc>
<status status="FAIL" start="2026-07-09T16:38:50.764330" elapsed="0.020695">ValueError: Invalid alert action 'PRESS A BUTTON!'.</status>
</kw>
<kw name="Close Browser" owner="SeleniumLibrary">
<doc>Closes the current browser.</doc>
<status status="NOT RUN" start="2026-07-09T16:38:50.785466" elapsed="0.000074"/>
</kw>
<status status="FAIL" start="2026-07-09T16:38:38.678751" elapsed="12.107160">ValueError: Invalid alert action 'PRESS A BUTTON!'.</status>
</test>
<status status="FAIL" start="2026-07-09T16:38:38.258078" elapsed="12.528589"/>
</suite>
<status status="FAIL" start="2026-07-09T16:38:38.212786" elapsed="12.576098"/>
</suite>
<statistics>
<total>
<stat pass="0" fail="1" skip="0">All Tests</stat>
</total>
<tag>
</tag>
<suite>
<stat name="Suites" id="s1" pass="0" fail="1" skip="0">Suites</stat>
<stat name="Alert" id="s1-s1" pass="0" fail="1" skip="0">Suites.Alert</stat>
</suite>
</statistics>
<errors>
<msg time="2026-07-09T16:38:50.776007" level="WARN">Keyword 'Capture Page Screenshot' could not be run on failure: Alert Text: Press a button!
Message: unexpected alert open: {Alert text : Press a button!}
  (Session info: chrome=150.0.7871.47)
Stacktrace:
	chromedriver!GetHandleVerifier [0x7ff7aff2a865+152a5]
	chromedriver!GetHandleVerifier [0x7ff7aff2a8c0+15300]
	chromedriver!(No symbol) [0x7ff7afa8596d]
	chromedriver!(No symbol) [0x7ff7afb2e84f]
	chromedriver!(No symbol) [0x7ff7afad2b3c]
	chromedriver!(No symbol) [0x7ff7afad3a53]
	chromedriver!GetHandleVerifier [0x7ff7b050d3a1+5f7de1]
	chromedriver!GetHandleVerifier [0x7ff7b0507a3b+5f247b]
	chromedriver!GetHandleVerifier [0x7ff7b052bca5+6166e5]
	chromedriver!GetHandleVerifier [0x7ff7aff472ae+31cee]
	chromedriver!GetHandleVerifier [0x7ff7aff4fe3c+3a87c]
	chromedriver!GetHandleVerifier [0x7ff7aff34404+1ee44]
	chromedriver!GetHandleVerifier [0x7ff7aff34594+1efd4]
	chromedriver!GetHandleVerifier [0x7ff7aff175c7+2007]
	KERNEL32!BaseThreadInitThunk [0x7ff8eadfe957+17]
	ntdll!RtlUserThreadStart [0x7ff8ec967c1c+2c]
</msg>
</errors>
</robot>
