<?xml version="1.0" encoding="UTF-8"?>
<robot generator="Robot 7.4.2 (Python 3.13.14 on win32)" generated="2026-07-09T21:08:11.317999" rpa="false" schemaversion="5">
<suite id="s1" name="Suites">
<suite id="s1-s1" name="TC1" source="C:\Users\SagarKhobragade\PycharmProjects\AutomationTest\TestCases\TC1.robot">
<test id="s1-s1-t1" name="LoginTest" line="9">
<kw name="Open Browser" owner="SeleniumLibrary">
<msg time="2026-07-09T21:08:11.869633" level="INFO">Opening browser 'chrome' to base url 'https://shopnyuint.lapine.dev/QA/dmtpv1a/'.</msg>
<arg>${url}</arg>
<arg>${browser}</arg>
<doc>Opens a new browser instance to the optional ``url``.</doc>
<status status="PASS" start="2026-07-09T21:08:11.869272" elapsed="103.866428"/>
</kw>
<kw name="loginToApplication">
<kw name="Input Text" owner="SeleniumLibrary">
<msg time="2026-07-09T21:09:55.737812" level="INFO">Typing text 'sanket.gulhane@valethi.com' into text field 'id:input-username'.</msg>
<arg>id:input-username</arg>
<arg>sanket.gulhane@valethi.com</arg>
<doc>Types the given ``text`` into the text field identified by ``locator``.</doc>
<status status="PASS" start="2026-07-09T21:09:55.737083" elapsed="0.161334"/>
</kw>
<kw name="Input Text" owner="SeleniumLibrary">
<msg time="2026-07-09T21:09:55.899019" level="INFO">Typing text '123456' into text field 'id:input-password'.</msg>
<arg>id:input-password</arg>
<arg>123456</arg>
<doc>Types the given ``text`` into the text field identified by ``locator``.</doc>
<status status="PASS" start="2026-07-09T21:09:55.898693" elapsed="0.102904"/>
</kw>
<kw name="Click Element" owner="SeleniumLibrary">
<msg time="2026-07-09T21:09:56.002282" level="INFO">Clicking element 'id:btnSubmit'.</msg>
<arg>id:btnSubmit</arg>
<doc>Click the element identified by ``locator``.</doc>
<status status="PASS" start="2026-07-09T21:09:56.001843" elapsed="0.073959"/>
</kw>
<status status="PASS" start="2026-07-09T21:09:55.736514" elapsed="0.339448"/>
</kw>
<kw name="Sleep" owner="BuiltIn">
<msg time="2026-07-09T21:09:58.076969" level="INFO">Slept 2 seconds.</msg>
<arg>2</arg>
<doc>Pauses the test executed for the given time.</doc>
<status status="PASS" start="2026-07-09T21:09:56.076094" elapsed="2.001320"/>
</kw>
<kw name="Close Browser" owner="SeleniumLibrary">
<doc>Closes the current browser.</doc>
<status status="PASS" start="2026-07-09T21:09:58.077915" elapsed="2.197055"/>
</kw>
<status status="PASS" start="2026-07-09T21:08:11.868105" elapsed="108.407296"/>
</test>
<status status="PASS" start="2026-07-09T21:08:11.374923" elapsed="108.901714"/>
</suite>
<status status="PASS" start="2026-07-09T21:08:11.320278" elapsed="108.957803"/>
</suite>
<statistics>
<total>
<stat pass="1" fail="0" skip="0">All Tests</stat>
</total>
<tag>
</tag>
<suite>
<stat name="Suites" id="s1" pass="1" fail="0" skip="0">Suites</stat>
<stat name="TC1" id="s1-s1" pass="1" fail="0" skip="0">Suites.TC1</stat>
</suite>
</statistics>
<errors>
</errors>
</robot>
