<?xml version="1.0" encoding="UTF-8"?>
<robot generator="Robot 7.4.2 (Python 3.13.14 on win32)" generated="2026-07-09T21:07:16.497728" rpa="false" schemaversion="5">
<suite id="s1" name="Suites">
<suite id="s1-s1" name="Inputbox" source="C:\Users\SagarKhobragade\PycharmProjects\AutomationTest\TestCases\inputbox.robot">
<test id="s1-s1-t1" name="InputBoxTest" line="10">
<kw name="Open Browser" owner="SeleniumLibrary">
<msg time="2026-07-09T21:07:18.225524" level="INFO">Opening browser 'chrome' to base url 'https://shopnyuint.lapine.dev/QA/dmtpv1a/'.</msg>
<arg>${url}</arg>
<arg>${browser}</arg>
<doc>Opens a new browser instance to the optional ``url``.</doc>
<status status="PASS" start="2026-07-09T21:07:18.224961" elapsed="8.996367"/>
</kw>
<kw name="Maximize Browser Window" owner="SeleniumLibrary">
<doc>Maximizes current browser window.</doc>
<status status="PASS" start="2026-07-09T21:07:27.222083" elapsed="0.134645"/>
</kw>
<kw name="Title Should Be" owner="SeleniumLibrary">
<msg time="2026-07-09T21:07:27.576683" level="INFO">Page title is 'Administration - NYU Langone Health'.</msg>
<arg>Administration - NYU Langone Health</arg>
<doc>Verifies that the current page title equals ``title``.</doc>
<status status="PASS" start="2026-07-09T21:07:27.358494" elapsed="0.218436"/>
</kw>
<kw name="Log To Console" owner="BuiltIn">
<arg>${email_txt}</arg>
<doc>Logs the given message to the console.</doc>
<status status="PASS" start="2026-07-09T21:07:27.577364" elapsed="0.001639"/>
</kw>
<kw name="Element Should Be Visible" owner="SeleniumLibrary">
<msg time="2026-07-09T21:07:27.657281" level="INFO">Element 'id:input-username' is displayed.</msg>
<arg>${email_txt}</arg>
<doc>Verifies that the element identified by ``locator`` is visible.</doc>
<status status="PASS" start="2026-07-09T21:07:27.579474" elapsed="0.078014"/>
</kw>
<kw name="Element Should Be Enabled" owner="SeleniumLibrary">
<arg>${email_txt}</arg>
<doc>Verifies that element identified by ``locator`` is enabled.</doc>
<status status="PASS" start="2026-07-09T21:07:27.657811" elapsed="0.078182"/>
</kw>
<kw name="Input Text" owner="SeleniumLibrary">
<msg time="2026-07-09T21:07:27.737049" level="INFO">Typing text 'sagar' into text field 'id:input-username'.</msg>
<arg>${email_txt}</arg>
<arg>sagar</arg>
<doc>Types the given ``text`` into the text field identified by ``locator``.</doc>
<status status="PASS" start="2026-07-09T21:07:27.736397" elapsed="0.354536"/>
</kw>
<kw name="Sleep" owner="BuiltIn">
<msg time="2026-07-09T21:07:33.097744" level="INFO">Slept 5 seconds.</msg>
<arg>5</arg>
<doc>Pauses the test executed for the given time.</doc>
<status status="PASS" start="2026-07-09T21:07:28.091368" elapsed="5.007066"/>
</kw>
<kw name="Clear Element Text" owner="SeleniumLibrary">
<arg>${email_txt}</arg>
<doc>Clears the value of the text-input-element identified by ``locator``.</doc>
<status status="PASS" start="2026-07-09T21:07:33.098810" elapsed="0.217373"/>
</kw>
<kw name="Sleep" owner="BuiltIn">
<msg time="2026-07-09T21:07:36.318612" level="INFO">Slept 3 seconds.</msg>
<arg>3</arg>
<doc>Pauses the test executed for the given time.</doc>
<status status="PASS" start="2026-07-09T21:07:33.316554" elapsed="3.004518"/>
</kw>
<kw name="Close Browser" owner="SeleniumLibrary">
<doc>Closes the current browser.</doc>
<status status="PASS" start="2026-07-09T21:07:36.321567" elapsed="10.918729"/>
</kw>
<status status="PASS" start="2026-07-09T21:07:18.222190" elapsed="29.018682"/>
</test>
<status status="PASS" start="2026-07-09T21:07:16.634088" elapsed="30.608973"/>
</suite>
<status status="PASS" start="2026-07-09T21:07:16.502206" elapsed="30.743075"/>
</suite>
<statistics>
<total>
<stat pass="1" fail="0" skip="0">All Tests</stat>
</total>
<tag>
</tag>
<suite>
<stat name="Suites" id="s1" pass="1" fail="0" skip="0">Suites</stat>
<stat name="Inputbox" id="s1-s1" pass="1" fail="0" skip="0">Suites.Inputbox</stat>
</suite>
</statistics>
<errors>
</errors>
</robot>
