<?xml version="1.0" encoding="UTF-8"?>
<robot generator="Robot 7.4.2 (Python 3.13.14 on win32)" generated="2026-07-09T16:38:54.423935" rpa="false" schemaversion="5">
<suite id="s1" name="Suites">
<suite id="s1-s1" name="MouseOperation" source="C:\Users\SagarKhobragade\PycharmProjects\AutomationTest\TestCases\MouseOperation.robot">
<test id="s1-s1-t1" name="MouseOperationTest" line="10">
<kw name="Open Browser" owner="SeleniumLibrary">
<msg time="2026-07-09T16:38:55.092166" level="INFO">Opening browser 'chrome' to base url 'https://swisnl.github.io/jQuery-contextMenu/demo.html'.</msg>
<arg>${url}</arg>
<arg>${browser}</arg>
<doc>Opens a new browser instance to the optional ``url``.</doc>
<status status="PASS" start="2026-07-09T16:38:55.091739" elapsed="3.962359"/>
</kw>
<kw name="Maximize Browser Window" owner="SeleniumLibrary">
<doc>Maximizes current browser window.</doc>
<status status="PASS" start="2026-07-09T16:38:59.055044" elapsed="0.090535"/>
</kw>
<kw name="Open Context Menu" owner="SeleniumLibrary">
<arg>xpath://span[@class='context-menu-one btn btn-neutral']</arg>
<doc>Opens the context menu on the element identified by ``locator``.</doc>
<status status="PASS" start="2026-07-09T16:38:59.146038" elapsed="0.437675"/>
</kw>
<kw name="Sleep" owner="BuiltIn">
<msg time="2026-07-09T16:39:01.585942" level="INFO">Slept 2 seconds.</msg>
<arg>2</arg>
<doc>Pauses the test executed for the given time.</doc>
<status status="PASS" start="2026-07-09T16:38:59.584231" elapsed="2.002076"/>
</kw>
<kw name="Go To" owner="SeleniumLibrary">
<msg time="2026-07-09T16:39:01.587266" level="INFO">Opening url 'https://testautomationpractice.blogspot.com/'</msg>
<arg>${url2}</arg>
<doc>Navigates the current browser window to the provided ``url``.</doc>
<status status="PASS" start="2026-07-09T16:39:01.586800" elapsed="6.999553"/>
</kw>
<kw name="Double Click Element" owner="SeleniumLibrary">
<msg time="2026-07-09T16:39:08.588342" level="INFO">Double clicking element 'xpath://button[normalize-space()='Copy Text']'.</msg>
<arg>xpath://button[normalize-space()='Copy Text']</arg>
<doc>Double clicks the element identified by ``locator``.</doc>
<status status="PASS" start="2026-07-09T16:39:08.587424" elapsed="0.775323"/>
</kw>
<kw name="Sleep" owner="BuiltIn">
<msg time="2026-07-09T16:39:11.364436" level="INFO">Slept 2 seconds.</msg>
<arg>2</arg>
<doc>Pauses the test executed for the given time.</doc>
<status status="PASS" start="2026-07-09T16:39:09.363151" elapsed="2.001623"/>
</kw>
<status status="PASS" start="2026-07-09T16:38:55.090512" elapsed="16.274930"/>
</test>
<status status="PASS" start="2026-07-09T16:38:54.494352" elapsed="16.871941"/>
</suite>
<status status="PASS" start="2026-07-09T16:38:54.426916" elapsed="16.940461"/>
</suite>
<statistics>
<total>
<stat pass="1" fail="0" skip="0">All Tests</stat>
</total>
<tag>
</tag>
<suite>
<stat name="Suites" id="s1" pass="1" fail="0" skip="0">Suites</stat>
<stat name="MouseOperation" id="s1-s1" pass="1" fail="0" skip="0">Suites.MouseOperation</stat>
</suite>
</statistics>
<errors>
</errors>
</robot>
