<?xml version="1.0" encoding="UTF-8"?>
<robot generator="Robot 7.4.2 (Python 3.13.14 on win32)" generated="2026-07-09T16:38:41.362411" rpa="false" schemaversion="5">
<suite id="s1" name="Suites">
<suite id="s1-s1" name="GetAllLinks" source="C:\Users\SagarKhobragade\PycharmProjects\AutomationTest\TestCases\GetAllLinks.robot">
<test id="s1-s1-t1" name="AllPageLinks" line="10">
<kw name="Open Browser" owner="SeleniumLibrary">
<msg time="2026-07-09T16:38:41.805850" level="INFO">Opening browser 'chrome' to base url 'https://shopmastercardmerchb2c.lapine.dev/QA/'.</msg>
<arg>${url}</arg>
<arg>${browser}</arg>
<doc>Opens a new browser instance to the optional ``url``.</doc>
<status status="PASS" start="2026-07-09T16:38:41.805093" elapsed="3.047840"/>
</kw>
<kw name="Maximize Browser Window" owner="SeleniumLibrary">
<doc>Maximizes current browser window.</doc>
<status status="PASS" start="2026-07-09T16:38:44.853876" elapsed="7.161855"/>
</kw>
<kw name="Get Element Count" owner="SeleniumLibrary">
<msg time="2026-07-09T16:38:52.056438" level="INFO">${AllLinksCount} = 63</msg>
<var>${AllLinksCount}</var>
<arg>xpath://a</arg>
<doc>Returns the number of elements matching ``locator``.</doc>
<status status="PASS" start="2026-07-09T16:38:52.016736" elapsed="0.039872"/>
</kw>
<kw name="Log To Console" owner="BuiltIn">
<arg>${AllLinksCount}</arg>
<doc>Logs the given message to the console.</doc>
<status status="PASS" start="2026-07-09T16:38:52.057184" elapsed="0.001481"/>
</kw>
<kw name="Create List" owner="BuiltIn">
<msg time="2026-07-09T16:38:52.059871" level="INFO">@{links} = [ ]</msg>
<var>@{links}</var>
<doc>Returns a list containing given items.</doc>
<status status="PASS" start="2026-07-09T16:38:52.059144" elapsed="0.000786"/>
</kw>
<for flavor="IN RANGE">
<iter>
<kw name="Get Text" owner="SeleniumLibrary">
<msg time="2026-07-09T16:38:52.808854" level="INFO" html="true">&lt;/td&gt;&lt;/tr&gt;&lt;tr&gt;&lt;td colspan="3"&gt;&lt;a href="selenium-screenshot-1.png"&gt;&lt;img src="selenium-screenshot-1.png" width="800px"&gt;&lt;/a&gt;</msg>
<msg time="2026-07-09T16:38:52.809243" level="FAIL">Element with locator 'xpath:(//a)[0]' not found.</msg>
<var>${LinkText}</var>
<arg>xpath:(//a)[${i}]</arg>
<doc>Returns the text value of the element identified by ``locator``.</doc>
<status status="FAIL" start="2026-07-09T16:38:52.060927" elapsed="0.759954">Element with locator 'xpath:(//a)[0]' not found.</status>
</kw>
<kw name="Log To Console" owner="BuiltIn">
<arg>${LinkText}</arg>
<doc>Logs the given message to the console.</doc>
<status status="NOT RUN" start="2026-07-09T16:38:52.821490" elapsed="0.000119"/>
</kw>
<var name="${i}">0</var>
<status status="FAIL" start="2026-07-09T16:38:52.060622" elapsed="0.761393">Element with locator 'xpath:(//a)[0]' not found.</status>
</iter>
<var>${i}</var>
<value>1</value>
<value>@{links}</value>
<status status="FAIL" start="2026-07-09T16:38:52.060081" elapsed="0.762501">Element with locator 'xpath:(//a)[0]' not found.</status>
</for>
<for flavor="IN RANGE">
<iter>
<kw name="Get Element Attribute" owner="SeleniumLibrary">
<var>${Link}</var>
<arg>xpath:(//a)[${i}]</arg>
<arg>href</arg>
<doc>Returns the value of ``attribute`` from the element ``locator``.</doc>
<status status="NOT RUN" start="2026-07-09T16:38:52.823717" elapsed="0.000112"/>
</kw>
<kw name="Log To Console" owner="BuiltIn">
<arg>${i}. ${Link}</arg>
<doc>Logs the given message to the console.</doc>
<status status="NOT RUN" start="2026-07-09T16:38:52.824200" elapsed="0.000166"/>
</kw>
<var name="${i}"/>
<status status="NOT RUN" start="2026-07-09T16:38:52.823420" elapsed="0.001124"/>
</iter>
<var>${i}</var>
<value>1</value>
<value>${AllLinksCount + 1}</value>
<status status="NOT RUN" start="2026-07-09T16:38:52.823149" elapsed="0.001583"/>
</for>
<status status="FAIL" start="2026-07-09T16:38:41.802999" elapsed="11.022494">Element with locator 'xpath:(//a)[0]' not found.</status>
</test>
<status status="FAIL" start="2026-07-09T16:38:41.432724" elapsed="11.393958"/>
</suite>
<status status="FAIL" start="2026-07-09T16:38:41.365201" elapsed="11.463498"/>
</suite>
<statistics>
<total>
<stat pass="0" fail="1" skip="0">All Tests</stat>
</total>
<tag>
</tag>
<suite>
<stat name="Suites" id="s1" pass="0" fail="1" skip="0">Suites</stat>
<stat name="GetAllLinks" id="s1-s1" pass="0" fail="1" skip="0">Suites.GetAllLinks</stat>
</suite>
</statistics>
<errors>
</errors>
</robot>
