<?xml version="1.0" encoding="UTF-8"?>
<robot generator="Robot 7.4.2 (Python 3.13.14 on win32)" generated="2026-07-09T21:07:49.414094" rpa="false" schemaversion="5">
<suite id="s1" name="Suites">
<suite id="s1-s1" name="Radiobutton" source="C:\Users\SagarKhobragade\PycharmProjects\AutomationTest\TestCases\Radiobutton.robot">
<test id="s1-s1-t1" name="Dropdown operation" line="9">
<kw name="Open Browser" owner="SeleniumLibrary">
<msg time="2026-07-09T21:07:50.128175" level="INFO">Opening browser 'chrome' to base url 'https://shopmastercardmerchb2c.lapine.dev/QA/index.php?route=issue_tracker/issue_tracker&amp;page=common/home'.</msg>
<arg>${url}</arg>
<arg>${browser}</arg>
<doc>Opens a new browser instance to the optional ``url``.</doc>
<status status="PASS" start="2026-07-09T21:07:50.127700" elapsed="2.972968"/>
</kw>
<kw name="Maximize Browser Window" owner="SeleniumLibrary">
<doc>Maximizes current browser window.</doc>
<status status="PASS" start="2026-07-09T21:07:53.101241" elapsed="4.788508"/>
</kw>
<kw name="Click Element" owner="SeleniumLibrary">
<msg time="2026-07-09T21:07:57.892217" level="INFO">Clicking element 'class:multiselect-selected-text'.</msg>
<msg time="2026-07-09T21:08:01.140964" level="INFO" html="true">&lt;/td&gt;&lt;/tr&gt;&lt;tr&gt;&lt;td colspan="3"&gt;&lt;a href="selenium-screenshot-1.png"&gt;&lt;img src="selenium-screenshot-1.png" width="800px"&gt;&lt;/a&gt;</msg>
<msg time="2026-07-09T21:08:01.141821" level="FAIL">ElementClickInterceptedException: Message: element click intercepted: Element &lt;span class="multiselect-selected-text"&gt;...&lt;/span&gt; is not clickable at point (747, 665). Other element would receive the click: &lt;div class="cookies-eu-banner"&gt;...&lt;/div&gt;
  (Session info: chrome=150.0.7871.47); For documentation on this error, please visit: https://www.selenium.dev/documentation/webdriver/troubleshooting/errors#elementclickinterceptedexception
Stacktrace:
	chromedriver!GetHandleVerifier [0x7ff69a4ea865+152a5]
	chromedriver!GetHandleVerifier [0x7ff69a4ea8c0+15300]
	chromedriver!(No symbol) [0x7ff69a04596d]
	chromedriver!(No symbol) [0x7ff69a0a8225]
	chromedriver!(No symbol) [0x7ff69a0a5e43]
	chromedriver!(No symbol) [0x7ff69a0a3197]
	chromedriver!(No symbol) [0x7ff69a0a2060]
	chromedriver!(No symbol) [0x7ff69a094a58]
	chromedriver!(No symbol) [0x7ff69a0c8e6a]
	chromedriver!(No symbol) [0x7ff69a0942d6]
	chromedriver!(No symbol) [0x7ff69a0edcf4]
	chromedriver!(No symbol) [0x7ff69a092b3c]
	chromedriver!(No symbol) [0x7ff69a093a53]
	chromedriver!GetHandleVerifier [0x7ff69aacd3a1+5f7de1]
	chromedriver!GetHandleVerifier [0x7ff69aac7a3b+5f247b]
	chromedriver!GetHandleVerifier [0x7ff69aaebca5+6166e5]
	chromedriver!GetHandleVerifier [0x7ff69a5072ae+31cee]
	chromedriver!GetHandleVerifier [0x7ff69a50fe3c+3a87c]
	chromedriver!GetHandleVerifier [0x7ff69a4f4404+1ee44]
	chromedriver!GetHandleVerifier [0x7ff69a4f4594+1efd4]
	chromedriver!GetHandleVerifier [0x7ff69a4d75c7+2007]
	KERNEL32!BaseThreadInitThunk [0x7ff8eadfe957+17]
	ntdll!RtlUserThreadStart [0x7ff8ec967c1c+2c]
</msg>
<arg>class:multiselect-selected-text</arg>
<doc>Click the element identified by ``locator``.</doc>
<status status="FAIL" start="2026-07-09T21:07:57.890428" elapsed="3.289761">ElementClickInterceptedException: Message: element click intercepted: Element &lt;span class="multiselect-selected-text"&gt;...&lt;/span&gt; is not clickable at point (747, 665). Other element would receive the click: &lt;div class="cookies-eu-banner"&gt;...&lt;/div&gt;
  (Session info: chrome=150.0.7871.47); For documentation on this error, please visit: https://www.selenium.dev/documentation/webdriver/troubleshooting/errors#elementclickinterceptedexception
Stacktrace:
	chromedriver!GetHandleVerifier [0x7ff69a4ea865+152a5]
	chromedriver!GetHandleVerifier [0x7ff69a4ea8c0+15300]
	chromedriver!(No symbol) [0x7ff69a04596d]
	chromedriver!(No symbol) [0x7ff69a0a8225]
	chromedriver!(No symbol) [0x7ff69a0a5e43]
	chromedriver!(No symbol) [0x7ff69a0a3197]
	chromedriver!(No symbol) [0x7ff69a0a2060]
	chromedriver!(No symbol) [0x7ff69a094a58]
	chromedriver!(No symbol) [0x7ff69a0c8e6a]
	chromedriver!(No symbol) [0x7ff69a0942d6]
	chromedriver!(No symbol) [0x7ff69a0edcf4]
	chromedriver!(No symbol) [0x7ff69a092b3c]
	chromedriver!(No symbol) [0x7ff69a093a53]
	chromedriver!GetHandleVerifier [0x7ff69aacd3a1+5f7de1]
	chromedriver!GetHandleVerifier [0x7ff69aac7a3b+5f247b]
	chromedriver!GetHandleVerifier [0x7ff69aaebca5+6166e5]
	chromedriver!GetHandleVerifier [0x7ff69a5072ae+31cee]
	chromedriver!GetHandleVerifier [0x7ff69a50fe3c+3a87c]
	chromedriver!GetHandleVerifier [0x7ff69a4f4404+1ee44]
	chromedriver!GetHandleVerifier [0x7ff69a4f4594+1efd4]
	chromedriver!GetHandleVerifier [0x7ff69a4d75c7+2007]
	KERNEL32!BaseThreadInitThunk [0x7ff8eadfe957+17]
	ntdll!RtlUserThreadStart [0x7ff8ec967c1c+2c]
</status>
</kw>
<kw name="Sleep" owner="BuiltIn">
<arg>5</arg>
<doc>Pauses the test executed for the given time.</doc>
<status status="NOT RUN" start="2026-07-09T21:08:01.181312" elapsed="0.000220"/>
</kw>
<kw name="Select Radio Button" owner="SeleniumLibrary">
<arg>Priority</arg>
<arg>Fix - Priority 1</arg>
<doc>Sets the radio button group ``group_name`` to ``value``.</doc>
<status status="NOT RUN" start="2026-07-09T21:08:01.181813" elapsed="0.000083"/>
</kw>
<kw name="Sleep" owner="BuiltIn">
<arg>5</arg>
<doc>Pauses the test executed for the given time.</doc>
<status status="NOT RUN" start="2026-07-09T21:08:01.182117" elapsed="0.000054"/>
</kw>
<status status="FAIL" start="2026-07-09T21:07:50.126219" elapsed="11.056348">ElementClickInterceptedException: Message: element click intercepted: Element &lt;span class="multiselect-selected-text"&gt;...&lt;/span&gt; is not clickable at point (747, 665). Other element would receive the click: &lt;div class="cookies-eu-banner"&gt;...&lt;/div&gt;
  (Session info: chrome=150.0.7871.47); For documentation on this error, please visit: https://www.selenium.dev/documentation/webdriver/troubleshooting/errors#elementclickinterceptedexception
Stacktrace:
	chromedriver!GetHandleVerifier [0x7ff69a4ea865+152a5]
	chromedriver!GetHandleVerifier [0x7ff69a4ea8c0+15300]
	chromedriver!(No symbol) [0x7ff69a04596d]
	chromedriver!(No symbol) [0x7ff69a0a8225]
	chromedriver!(No symbol) [0x7ff69a0a5e43]
	chromedriver!(No symbol) [0x7ff69a0a3197]
	chromedriver!(No symbol) [0x7ff69a0a2060]
	chromedriver!(No symbol) [0x7ff69a094a58]
	chromedriver!(No symbol) [0x7ff69a0c8e6a]
	chromedriver!(No symbol) [0x7ff69a0942d6]
	chromedriver!(No symbol) [0x7ff69a0edcf4]
	chromedriver!(No symbol) [0x7ff69a092b3c]
	chromedriver!(No symbol) [0x7ff69a093a53]
	chromedriver!GetHandleVerifier [0x7ff69aacd3a1+5f7de1]
	chromedriver!GetHandleVerifier [0x7ff69aac7a3b+5f247b]
	chromedriver!GetHandleVerifier [0x7ff69aaebca5+6166e5]
	chromedriver!GetHandleVerifier [0x7ff69a5072ae+31cee]
	chromedriver!GetHandleVerifier [0x7ff69a50fe3c+3a87c]
	chromedriver!GetHandleVerifier [0x7ff69a4f4404+1ee44]
	chromedriver!GetHandleVerifier [0x7ff69a4f4594+1efd4]
	chromedriver!GetHandleVerifier [0x7ff69a4d75c7+2007]
	KERNEL32!BaseThreadInitThunk [0x7ff8eadfe957+17]
	ntdll!RtlUserThreadStart [0x7ff8ec967c1c+2c]
</status>
</test>
<status status="FAIL" start="2026-07-09T21:07:49.534738" elapsed="11.657319"/>
</suite>
<status status="FAIL" start="2026-07-09T21:07:49.418483" elapsed="11.775889"/>
</suite>
<statistics>
<total>
<stat pass="0" fail="1" skip="0">All Tests</stat>
</total>
<tag>
</tag>
<suite>
<stat name="Suites" id="s1" pass="0" fail="1" skip="0">Suites</stat>
<stat name="Radiobutton" id="s1-s1" pass="0" fail="1" skip="0">Suites.Radiobutton</stat>
</suite>
</statistics>
<errors>
</errors>
</robot>
