<?xml version="1.0" encoding="UTF-8"?>
<robot generator="Robot 7.4.2 (Python 3.13.14 on win32)" generated="2026-07-09T21:07:12.006532" rpa="false" schemaversion="5">
<suite id="s1" name="Suites">
<suite id="s1-s1" name="Alert" source="C:\Users\SagarKhobragade\PycharmProjects\AutomationTest\TestCases\Alert.robot">
<test id="s1-s1-t1" name="Alert Test" line="9">
<kw name="Open Browser" owner="SeleniumLibrary">
<msg time="2026-07-09T21:07:12.671685" level="INFO">Opening browser 'chrome' to base url 'https://testautomationpractice.blogspot.com/'.</msg>
<arg>${url}</arg>
<arg>${browser}</arg>
<doc>Opens a new browser instance to the optional ``url``.</doc>
<status status="PASS" start="2026-07-09T21:07:12.671089" elapsed="6.840907"/>
</kw>
<kw name="Maximize Browser Window" owner="SeleniumLibrary">
<doc>Maximizes current browser window.</doc>
<status status="PASS" start="2026-07-09T21:07:19.512589" elapsed="0.340184"/>
</kw>
<kw name="Sleep" owner="BuiltIn">
<msg time="2026-07-09T21:07:21.856064" level="INFO">Slept 2 seconds.</msg>
<arg>2</arg>
<doc>Pauses the test executed for the given time.</doc>
<status status="PASS" start="2026-07-09T21:07:19.853344" elapsed="2.003039"/>
</kw>
<kw name="Click Element" owner="SeleniumLibrary">
<msg time="2026-07-09T21:07:21.857615" level="INFO">Clicking element 'id:confirmBtn'.</msg>
<arg>id:confirmBtn</arg>
<doc>Click the element identified by ``locator``.</doc>
<status status="PASS" start="2026-07-09T21:07:21.856621" elapsed="0.190463"/>
</kw>
<kw name="Sleep" owner="BuiltIn">
<msg time="2026-07-09T21:07:24.051438" level="INFO">Slept 2 seconds.</msg>
<arg>2</arg>
<doc>Pauses the test executed for the given time.</doc>
<status status="PASS" start="2026-07-09T21:07:22.047534" elapsed="2.004726"/>
</kw>
<kw name="Alert Should Not Be Present" owner="SeleniumLibrary">
<msg time="2026-07-09T21:07:24.320542" level="WARN">Keyword 'Capture Page Screenshot' could not be run on failure: Alert Text: Press a button!
Message: unexpected alert open: {Alert text : Press a button!}
  (Session info: chrome=150.0.7871.47)
Stacktrace:
	chromedriver!GetHandleVerifier [0x7ff69a4ea865+152a5]
	chromedriver!GetHandleVerifier [0x7ff69a4ea8c0+15300]
	chromedriver!(No symbol) [0x7ff69a04596d]
	chromedriver!(No symbol) [0x7ff69a0ee84f]
	chromedriver!(No symbol) [0x7ff69a092b3c]
	chromedriver!(No symbol) [0x7ff69a093a53]
	chromedriver!GetHandleVerifier [0x7ff69aacd3a1+5f7de1]
	chromedriver!GetHandleVerifier [0x7ff69aac7a3b+5f247b]
	chromedriver!GetHandleVerifier [0x7ff69aaebca5+6166e5]
	chromedriver!GetHandleVerifier [0x7ff69a5072ae+31cee]
	chromedriver!GetHandleVerifier [0x7ff69a50fe3c+3a87c]
	chromedriver!GetHandleVerifier [0x7ff69a4f4404+1ee44]
	chromedriver!GetHandleVerifier [0x7ff69a4f4594+1efd4]
	chromedriver!GetHandleVerifier [0x7ff69a4d75c7+2007]
	KERNEL32!BaseThreadInitThunk [0x7ff8eadfe957+17]
	ntdll!RtlUserThreadStart [0x7ff8ec967c1c+2c]
</msg>
<msg time="2026-07-09T21:07:24.321582" level="FAIL">ValueError: Invalid alert action 'PRESS A BUTTON!'.</msg>
<arg>Press a button!</arg>
<doc>Verifies that no alert is present.</doc>
<status status="FAIL" start="2026-07-09T21:07:24.052695" elapsed="0.322799">ValueError: Invalid alert action 'PRESS A BUTTON!'.</status>
</kw>
<kw name="Close Browser" owner="SeleniumLibrary">
<doc>Closes the current browser.</doc>
<status status="NOT RUN" start="2026-07-09T21:07:24.375921" elapsed="0.000074"/>
</kw>
<status status="FAIL" start="2026-07-09T21:07:12.668648" elapsed="11.707732">ValueError: Invalid alert action 'PRESS A BUTTON!'.</status>
</test>
<status status="FAIL" start="2026-07-09T21:07:12.078519" elapsed="12.298617"/>
</suite>
<status status="FAIL" start="2026-07-09T21:07:12.009934" elapsed="12.379267"/>
</suite>
<statistics>
<total>
<stat pass="0" fail="1" skip="0">All Tests</stat>
</total>
<tag>
</tag>
<suite>
<stat name="Suites" id="s1" pass="0" fail="1" skip="0">Suites</stat>
<stat name="Alert" id="s1-s1" pass="0" fail="1" skip="0">Suites.Alert</stat>
</suite>
</statistics>
<errors>
<msg time="2026-07-09T21:07:24.320542" level="WARN">Keyword 'Capture Page Screenshot' could not be run on failure: Alert Text: Press a button!
Message: unexpected alert open: {Alert text : Press a button!}
  (Session info: chrome=150.0.7871.47)
Stacktrace:
	chromedriver!GetHandleVerifier [0x7ff69a4ea865+152a5]
	chromedriver!GetHandleVerifier [0x7ff69a4ea8c0+15300]
	chromedriver!(No symbol) [0x7ff69a04596d]
	chromedriver!(No symbol) [0x7ff69a0ee84f]
	chromedriver!(No symbol) [0x7ff69a092b3c]
	chromedriver!(No symbol) [0x7ff69a093a53]
	chromedriver!GetHandleVerifier [0x7ff69aacd3a1+5f7de1]
	chromedriver!GetHandleVerifier [0x7ff69aac7a3b+5f247b]
	chromedriver!GetHandleVerifier [0x7ff69aaebca5+6166e5]
	chromedriver!GetHandleVerifier [0x7ff69a5072ae+31cee]
	chromedriver!GetHandleVerifier [0x7ff69a50fe3c+3a87c]
	chromedriver!GetHandleVerifier [0x7ff69a4f4404+1ee44]
	chromedriver!GetHandleVerifier [0x7ff69a4f4594+1efd4]
	chromedriver!GetHandleVerifier [0x7ff69a4d75c7+2007]
	KERNEL32!BaseThreadInitThunk [0x7ff8eadfe957+17]
	ntdll!RtlUserThreadStart [0x7ff8ec967c1c+2c]
</msg>
</errors>
</robot>
