<?xml version="1.0" encoding="UTF-8"?>
<robot generator="Robot 7.4.2 (Python 3.13.14 on win32)" generated="2026-07-09T21:08:07.332461" rpa="false" schemaversion="5">
<suite id="s1" name="Suites">
<suite id="s1-s1" name="SetUpAndTearDown" source="C:\Users\SagarKhobragade\PycharmProjects\AutomationTest\TestCases\SetUpAndTearDown.robot">
<kw name="Log To Console" owner="BuiltIn" type="SETUP">
<arg>opening browser</arg>
<doc>Logs the given message to the console.</doc>
<status status="PASS" start="2026-07-09T21:08:07.465233" elapsed="0.001240"/>
</kw>
<test id="s1-s1-t1" name="TC1" line="10">
<kw name="Log To Console" owner="BuiltIn" type="SETUP">
<arg>login into application</arg>
<doc>Logs the given message to the console.</doc>
<status status="PASS" start="2026-07-09T21:08:07.467810" elapsed="0.001158"/>
</kw>
<kw name="Log To Console" owner="BuiltIn">
<arg>This is recharge test</arg>
<doc>Logs the given message to the console.</doc>
<status status="PASS" start="2026-07-09T21:08:07.469834" elapsed="0.000454"/>
</kw>
<kw name="Log To Console" owner="BuiltIn" type="TEARDOWN">
<arg>logoff from application</arg>
<doc>Logs the given message to the console.</doc>
<status status="PASS" start="2026-07-09T21:08:07.470618" elapsed="0.000379"/>
</kw>
<tag>ex1</tag>
<status status="PASS" start="2026-07-09T21:08:07.467006" elapsed="0.004075"/>
</test>
<test id="s1-s1-t2" name="TC2" line="13">
<kw name="Log To Console" owner="BuiltIn" type="SETUP">
<arg>login into application</arg>
<doc>Logs the given message to the console.</doc>
<status status="PASS" start="2026-07-09T21:08:07.471887" elapsed="0.000707"/>
</kw>
<kw name="Log To Console" owner="BuiltIn">
<arg>This is postpade test</arg>
<doc>Logs the given message to the console.</doc>
<status status="PASS" start="2026-07-09T21:08:07.472979" elapsed="0.000596"/>
</kw>
<kw name="Log To Console" owner="BuiltIn" type="TEARDOWN">
<arg>logoff from application</arg>
<doc>Logs the given message to the console.</doc>
<status status="PASS" start="2026-07-09T21:08:07.473920" elapsed="0.000480"/>
</kw>
<tag>ex2</tag>
<status status="PASS" start="2026-07-09T21:08:07.471430" elapsed="0.003072"/>
</test>
<test id="s1-s1-t3" name="TC3" line="16">
<kw name="Log To Console" owner="BuiltIn" type="SETUP">
<arg>login into application</arg>
<doc>Logs the given message to the console.</doc>
<status status="PASS" start="2026-07-09T21:08:07.475404" elapsed="0.000456"/>
</kw>
<kw name="Log To Console" owner="BuiltIn">
<arg>This is Search test</arg>
<doc>Logs the given message to the console.</doc>
<status status="PASS" start="2026-07-09T21:08:07.476068" elapsed="0.000384"/>
</kw>
<kw name="Log To Console" owner="BuiltIn" type="TEARDOWN">
<arg>logoff from application</arg>
<doc>Logs the given message to the console.</doc>
<status status="PASS" start="2026-07-09T21:08:07.476713" elapsed="0.000359"/>
</kw>
<tag>ex3</tag>
<status status="PASS" start="2026-07-09T21:08:07.474910" elapsed="0.002238"/>
</test>
<kw name="Log To Console" owner="BuiltIn" type="TEARDOWN">
<arg>closing browser</arg>
<doc>Logs the given message to the console.</doc>
<status status="PASS" start="2026-07-09T21:08:07.477725" elapsed="0.000362"/>
</kw>
<status status="PASS" start="2026-07-09T21:08:07.458082" elapsed="0.020075"/>
</suite>
<status status="PASS" start="2026-07-09T21:08:07.336204" elapsed="0.142838"/>
</suite>
<statistics>
<total>
<stat pass="3" fail="0" skip="0">All Tests</stat>
</total>
<tag>
<stat pass="1" fail="0" skip="0">ex1</stat>
<stat pass="1" fail="0" skip="0">ex2</stat>
<stat pass="1" fail="0" skip="0">ex3</stat>
</tag>
<suite>
<stat name="Suites" id="s1" pass="3" fail="0" skip="0">Suites</stat>
<stat name="SetUpAndTearDown" id="s1-s1" pass="3" fail="0" skip="0">Suites.SetUpAndTearDown</stat>
</suite>
</statistics>
<errors>
</errors>
</robot>
